<?xml version="1.0" encoding="UTF-8"?>
<!-- Generated by org.testng.reporters.JUnitReportReporter -->
<testsuite hostname="DESKTOP-K261J56" failures="0" tests="2" name="TestNgPractice" time="0.015" errors="0" timestamp="2021-08-19T17:54:07 IST" skipped="0">
  <testcase classname="TestNgPractice" name="run" time="0.012"/>
  <system-out/>
  <testcase classname="TestNgPractice" name="test" time="0.003"/>
  <system-out/>
</testsuite> <!-- TestNgPractice -->
