<?xml version="1.0" encoding="UTF-8"?>
<!-- Generated by org.testng.reporters.JUnitReportReporter -->
<testsuite hostname="DESKTOP-K261J56" failures="0" tests="2" name="practice.Practice1" time="15.944" errors="0" timestamp="2021-08-25T13:07:26 IST" skipped="0">
  <testcase classname="practice.Practice1" name="getOrgTest" time="7.913"/>
  <system-out/>
  <testcase classname="practice.Practice1" name="getHomeText" time="8.031"/>
  <system-out/>
</testsuite> <!-- practice.Practice1 -->
