<?xml version="1.0" encoding="UTF-8"?>
<!-- Generated by org.testng.reporters.JUnitReportReporter -->
<testsuite hostname="DESKTOP-K261J56" failures="0" tests="1" name="Assignment.TC14pom" time="62.306" errors="0" timestamp="2021-08-22T22:26:44 IST" skipped="0">
  <testcase classname="Assignment.TC14pom" name="selectContactAndDeleteTest" time="62.306"/>
  <system-out/>
</testsuite> <!-- Assignment.TC14pom -->
