<?xml version="1.0" encoding="UTF-8"?>
<!-- Generated by org.testng.reporters.JUnitReportReporter -->
<testsuite hostname="DESKTOP-K261J56" failures="0" tests="1" name="Assignment.SelectAndDeleteMultipleContacts_TC13" time="51.093" errors="0" timestamp="2021-08-23T17:32:32 IST" skipped="0">
  <testcase classname="Assignment.SelectAndDeleteMultipleContacts_TC13" name="selectMultipleContactsAndDeleteTest" time="51.093"/>
  <system-out/>
</testsuite> <!-- Assignment.SelectAndDeleteMultipleContacts_TC13 -->
