<?xml version="1.0" encoding="UTF-8"?>
<!-- Generated by org.testng.reporters.JUnitReportReporter -->
<testsuite hostname="DESKTOP-K261J56" failures="0" tests="1" name="Assignment.SelectAndDeleteContacts_TC14" time="62.211" errors="0" timestamp="2021-08-23T17:32:32 IST" skipped="0">
  <testcase classname="Assignment.SelectAndDeleteContacts_TC14" name="selectContactAndDeleteTest" time="62.211"/>
  <system-out/>
</testsuite> <!-- Assignment.SelectAndDeleteContacts_TC14 -->
