<?xml version="1.0" encoding="UTF-8"?>
<!-- Generated by org.testng.reporters.JUnitReportReporter -->
<testsuite hostname="DESKTOP-K261J56" failures="0" tests="3" name="TestCaseTestNg" time="181.108" errors="0" timestamp="2021-08-23T20:15:11 IST" skipped="0">
  <testcase classname="TestCaseTestNg" name="editContactsTest" time="77.076"/>
  <system-out/>
  <testcase classname="TestCaseTestNg" name="ContactsSelectAndDelete" time="51.027"/>
  <system-out/>
  <testcase classname="TestCaseTestNg" name="SelectAndDeleteTest" time="53.005"/>
  <system-out/>
</testsuite> <!-- TestCaseTestNg -->
