<?xml version="1.0" encoding="UTF-8"?>
<!-- Generated by org.testng.reporters.JUnitReportReporter -->
<testsuite hostname="DESKTOP-K261J56" failures="0" tests="1" name="Assignment.LastViewedContactstest_TC16" time="24.491" errors="0" timestamp="2021-08-23T23:09:07 IST" skipped="0">
  <testcase classname="Assignment.LastViewedContactstest_TC16" name="lastViewedContactsListTest" time="24.491"/>
  <system-out/>
</testsuite> <!-- Assignment.LastViewedContactstest_TC16 -->
