<?xml version="1.0" encoding="UTF-8"?>
<!-- Generated by org.testng.reporters.JUnitReportReporter -->
<testsuite hostname="DESKTOP-K261J56" failures="0" tests="1" name="Assignment.EditContactTest_TC15" time="67.041" errors="0" timestamp="2021-08-23T17:32:32 IST" skipped="0">
  <testcase classname="Assignment.EditContactTest_TC15" name="editContactTest" time="67.041"/>
  <system-out/>
</testsuite> <!-- Assignment.EditContactTest_TC15 -->
