<?xml version="1.0" encoding="UTF-8"?>
<!-- Generated by org.testng.reporters.JUnitReportReporter -->
<testsuite hostname="DESKTOP-K261J56" failures="0" tests="3" name="Assignment.TestCaseTestNg" time="155.236" errors="0" timestamp="2021-08-24T10:08:21 IST" skipped="0">
  <testcase classname="Assignment.TestCaseTestNg" name="editContactsTest" time="67.531"/>
  <system-out/>
  <testcase classname="Assignment.TestCaseTestNg" name="ContactsSelectAndDelete" time="42.221"/>
  <system-out/>
  <testcase classname="Assignment.TestCaseTestNg" name="SelectAndDeleteTest" time="45.484"/>
  <system-out/>
</testsuite> <!-- Assignment.TestCaseTestNg -->
